WARNING 2021-03-11 18:41:08,718 log 8800 12820 Not Found: /media/cache/db/d6/dbd6244c0a680ec10302e88e3c8b37c1.jpg
WARNING 2021-03-11 18:41:08,718 basehttp 8800 12820 "GET /media/cache/db/d6/dbd6244c0a680ec10302e88e3c8b37c1.jpg HTTP/1.1" 404 1797
WARNING 2021-03-11 18:41:08,733 log 8800 12820 Not Found: /static/js/components/MainCards.js
WARNING 2021-03-11 18:41:08,734 log 8800 16068 Not Found: /static/js/components/Purchases.js
WARNING 2021-03-11 18:41:08,734 basehttp 8800 12820 "GET /static/js/components/MainCards.js HTTP/1.1" 404 1776
WARNING 2021-03-11 18:41:08,734 basehttp 8800 16068 "GET /static/js/components/Purchases.js HTTP/1.1" 404 1776
WARNING 2021-03-11 18:41:08,735 log 8800 1004 Not Found: /static/js/components/Header.js
WARNING 2021-03-11 18:41:08,735 log 8800 11600 Not Found: /static/js/components/Favorites.js
WARNING 2021-03-11 18:41:08,741 log 8800 12028 Not Found: /static/js/components/CardList.js
WARNING 2021-03-11 18:41:08,741 basehttp 8800 1004 "GET /static/js/components/Header.js HTTP/1.1" 404 1773
WARNING 2021-03-11 18:41:08,742 log 8800 12820 Not Found: /static/js/api/Api.js
WARNING 2021-03-11 18:41:08,742 basehttp 8800 12028 "GET /static/js/components/CardList.js HTTP/1.1" 404 1775
WARNING 2021-03-11 18:41:08,742 log 8800 16068 Not Found: /static/pages/js/favorite.js
WARNING 2021-03-11 18:41:08,742 basehttp 8800 11600 "GET /static/js/components/Favorites.js HTTP/1.1" 404 1776
WARNING 2021-03-11 18:41:08,743 basehttp 8800 12820 "GET /static/js/api/Api.js HTTP/1.1" 404 1763
WARNING 2021-03-11 18:41:08,745 log 8800 5412 Not Found: /static/js/config/config.js
WARNING 2021-03-11 18:41:08,751 basehttp 8800 16068 "GET /static/pages/js/favorite.js HTTP/1.1" 404 1770
WARNING 2021-03-11 18:41:08,753 log 8800 11600 Not Found: /media/cache/78/fc/78fc9a5b337c06de2ff739c368391133.jpg
WARNING 2021-03-11 18:41:08,753 log 8800 1004 Not Found: /media/cache/79/64/79645c0a1e56f0a2f208b27a6a95b751.jpg
WARNING 2021-03-11 18:41:08,754 log 8800 12820 Not Found: /media/cache/5a/51/5a51eeaa26e4a9c1abaf345d2ec909a4.jpg
WARNING 2021-03-11 18:41:08,754 basehttp 8800 5412 "GET /static/js/config/config.js HTTP/1.1" 404 1769
WARNING 2021-03-11 18:41:08,755 basehttp 8800 1004 "GET /media/cache/79/64/79645c0a1e56f0a2f208b27a6a95b751.jpg HTTP/1.1" 404 1797
WARNING 2021-03-11 18:41:08,755 basehttp 8800 12820 "GET /media/cache/5a/51/5a51eeaa26e4a9c1abaf345d2ec909a4.jpg HTTP/1.1" 404 1797
WARNING 2021-03-11 18:41:08,756 log 8800 12028 Not Found: /media/cache/8b/53/8b5379e68a17e042059274abda3497db.jpg
WARNING 2021-03-11 18:41:08,756 basehttp 8800 11600 "GET /media/cache/78/fc/78fc9a5b337c06de2ff739c368391133.jpg HTTP/1.1" 404 1797
WARNING 2021-03-11 18:41:08,760 log 8800 16068 Not Found: /media/cache/73/d0/73d0eb87f45e77155aff5c5da1c01707.jpg
WARNING 2021-03-11 18:41:08,761 basehttp 8800 16068 "GET /media/cache/73/d0/73d0eb87f45e77155aff5c5da1c01707.jpg HTTP/1.1" 404 1797
WARNING 2021-03-11 18:41:08,761 basehttp 8800 12028 "GET /media/cache/8b/53/8b5379e68a17e042059274abda3497db.jpg HTTP/1.1" 404 1797
WARNING 2021-03-11 18:41:08,775 log 8800 1004 Not Found: /static/js/components/Purchases.js
WARNING 2021-03-11 18:41:08,775 basehttp 8800 1004 "GET /static/js/components/Purchases.js HTTP/1.1" 404 1776
WARNING 2021-03-11 18:41:08,784 log 8800 11600 Not Found: /static/js/components/Favorites.js
WARNING 2021-03-11 18:41:08,784 basehttp 8800 11600 "GET /static/js/components/Favorites.js HTTP/1.1" 404 1776
WARNING 2021-03-11 18:41:08,796 log 8800 16068 Not Found: /static/js/config/config.js
WARNING 2021-03-11 18:41:08,797 basehttp 8800 16068 "GET /static/js/config/config.js HTTP/1.1" 404 1769
WARNING 2021-03-11 18:41:08,806 log 8800 12028 Not Found: /static/js/components/CardList.js
WARNING 2021-03-11 18:41:08,807 basehttp 8800 12028 "GET /static/js/components/CardList.js HTTP/1.1" 404 1775
WARNING 2021-03-11 18:41:08,815 log 8800 1004 Not Found: /static/js/components/Header.js
WARNING 2021-03-11 18:41:08,816 basehttp 8800 1004 "GET /static/js/components/Header.js HTTP/1.1" 404 1773
WARNING 2021-03-11 18:41:08,825 log 8800 11600 Not Found: /static/js/api/Api.js
WARNING 2021-03-11 18:41:08,826 basehttp 8800 11600 "GET /static/js/api/Api.js HTTP/1.1" 404 1763
WARNING 2021-03-11 18:41:08,835 log 8800 16068 Not Found: /static/pages/js/favorite.js
WARNING 2021-03-11 18:41:08,835 basehttp 8800 16068 "GET /static/pages/js/favorite.js HTTP/1.1" 404 1770
WARNING 2021-03-11 18:41:08,843 log 8800 12028 Not Found: /static/js/components/MainCards.js
WARNING 2021-03-11 18:41:08,844 basehttp 8800 12028 "GET /static/js/components/MainCards.js HTTP/1.1" 404 1776
WARNING 2021-03-11 18:41:08,857 log 8800 1004 Not Found: /static/js/components/Purchases.js
WARNING 2021-03-11 18:41:08,857 basehttp 8800 1004 "GET /static/js/components/Purchases.js HTTP/1.1" 404 1776
WARNING 2021-03-11 18:41:08,871 log 8800 11600 Not Found: /static/js/components/Favorites.js
WARNING 2021-03-11 18:41:08,872 basehttp 8800 11600 "GET /static/js/components/Favorites.js HTTP/1.1" 404 1776
WARNING 2021-03-11 18:41:08,881 log 8800 16068 Not Found: /static/js/config/config.js
WARNING 2021-03-11 18:41:08,881 basehttp 8800 16068 "GET /static/js/config/config.js HTTP/1.1" 404 1769
WARNING 2021-03-11 18:41:08,891 log 8800 12028 Not Found: /static/js/components/CardList.js
WARNING 2021-03-11 18:41:08,891 basehttp 8800 12028 "GET /static/js/components/CardList.js HTTP/1.1" 404 1775
WARNING 2021-03-11 18:41:08,900 log 8800 1004 Not Found: /static/js/components/Header.js
WARNING 2021-03-11 18:41:08,900 basehttp 8800 1004 "GET /static/js/components/Header.js HTTP/1.1" 404 1773
WARNING 2021-03-11 18:41:08,910 log 8800 11600 Not Found: /static/js/api/Api.js
WARNING 2021-03-11 18:41:08,911 basehttp 8800 11600 "GET /static/js/api/Api.js HTTP/1.1" 404 1763
WARNING 2021-03-11 18:41:08,926 log 8800 16068 Not Found: /static/pages/js/favorite.js
WARNING 2021-03-11 18:41:08,926 basehttp 8800 16068 "GET /static/pages/js/favorite.js HTTP/1.1" 404 1770
WARNING 2021-03-11 18:41:14,061 log 8800 1004 Not Found: /static/js/components/Purchases.js
WARNING 2021-03-11 18:41:14,062 basehttp 8800 1004 "GET /static/js/components/Purchases.js HTTP/1.1" 404 1776
WARNING 2021-03-11 18:41:14,062 log 8800 16068 Not Found: /static/js/config/config.js
WARNING 2021-03-11 18:41:14,063 log 8800 11600 Not Found: /static/js/components/Favorites.js
WARNING 2021-03-11 18:41:14,063 log 8800 12028 Not Found: /static/js/components/MainCards.js
WARNING 2021-03-11 18:41:14,063 log 8800 5412 Not Found: /static/js/components/CardList.js
WARNING 2021-03-11 18:41:14,064 log 8800 12820 Not Found: /static/js/components/Header.js
WARNING 2021-03-11 18:41:14,064 basehttp 8800 16068 "GET /static/js/config/config.js HTTP/1.1" 404 1769
WARNING 2021-03-11 18:41:14,064 basehttp 8800 11600 "GET /static/js/components/Favorites.js HTTP/1.1" 404 1776
WARNING 2021-03-11 18:41:14,065 basehttp 8800 12028 "GET /static/js/components/MainCards.js HTTP/1.1" 404 1776
WARNING 2021-03-11 18:41:14,065 basehttp 8800 12820 "GET /static/js/components/Header.js HTTP/1.1" 404 1773
WARNING 2021-03-11 18:41:14,067 log 8800 1004 Not Found: /static/js/api/Api.js
WARNING 2021-03-11 18:41:14,068 basehttp 8800 1004 "GET /static/js/api/Api.js HTTP/1.1" 404 1763
WARNING 2021-03-11 18:41:14,068 basehttp 8800 5412 "GET /static/js/components/CardList.js HTTP/1.1" 404 1775
WARNING 2021-03-11 18:41:14,078 log 8800 11600 Not Found: /media/cache/79/64/79645c0a1e56f0a2f208b27a6a95b751.jpg
WARNING 2021-03-11 18:41:14,078 log 8800 16068 Not Found: /static/pages/js/favorite.js
WARNING 2021-03-11 18:41:14,079 log 8800 12028 Not Found: /media/cache/db/d6/dbd6244c0a680ec10302e88e3c8b37c1.jpg
WARNING 2021-03-11 18:41:14,079 basehttp 8800 11600 "GET /media/cache/79/64/79645c0a1e56f0a2f208b27a6a95b751.jpg HTTP/1.1" 404 1797
WARNING 2021-03-11 18:41:14,079 basehttp 8800 12028 "GET /media/cache/db/d6/dbd6244c0a680ec10302e88e3c8b37c1.jpg HTTP/1.1" 404 1797
WARNING 2021-03-11 18:41:14,080 basehttp 8800 16068 "GET /static/pages/js/favorite.js HTTP/1.1" 404 1770
WARNING 2021-03-11 18:41:14,080 log 8800 5412 Not Found: /media/cache/78/fc/78fc9a5b337c06de2ff739c368391133.jpg
WARNING 2021-03-11 18:41:14,080 log 8800 1004 Not Found: /media/cache/5a/51/5a51eeaa26e4a9c1abaf345d2ec909a4.jpg
WARNING 2021-03-11 18:41:14,081 basehttp 8800 5412 "GET /media/cache/78/fc/78fc9a5b337c06de2ff739c368391133.jpg HTTP/1.1" 404 1797
WARNING 2021-03-11 18:41:14,081 basehttp 8800 1004 "GET /media/cache/5a/51/5a51eeaa26e4a9c1abaf345d2ec909a4.jpg HTTP/1.1" 404 1797
WARNING 2021-03-11 18:41:14,082 log 8800 12820 Not Found: /media/cache/8b/53/8b5379e68a17e042059274abda3497db.jpg
WARNING 2021-03-11 18:41:14,082 basehttp 8800 12820 "GET /media/cache/8b/53/8b5379e68a17e042059274abda3497db.jpg HTTP/1.1" 404 1797
WARNING 2021-03-11 18:41:14,085 log 8800 11600 Not Found: /media/cache/73/d0/73d0eb87f45e77155aff5c5da1c01707.jpg
WARNING 2021-03-11 18:41:14,086 basehttp 8800 11600 "GET /media/cache/73/d0/73d0eb87f45e77155aff5c5da1c01707.jpg HTTP/1.1" 404 1797
WARNING 2021-03-11 18:41:14,097 log 8800 16068 Not Found: /static/js/components/MainCards.js
WARNING 2021-03-11 18:41:14,097 basehttp 8800 16068 "GET /static/js/components/MainCards.js HTTP/1.1" 404 1776
WARNING 2021-03-11 18:41:14,112 log 8800 12028 Not Found: /static/js/components/Purchases.js
WARNING 2021-03-11 18:41:14,112 basehttp 8800 12028 "GET /static/js/components/Purchases.js HTTP/1.1" 404 1776
WARNING 2021-03-11 18:41:14,126 log 8800 5412 Not Found: /static/js/components/Favorites.js
WARNING 2021-03-11 18:41:14,126 basehttp 8800 5412 "GET /static/js/components/Favorites.js HTTP/1.1" 404 1776
WARNING 2021-03-11 18:41:14,135 log 8800 1004 Not Found: /static/js/config/config.js
WARNING 2021-03-11 18:41:14,135 basehttp 8800 1004 "GET /static/js/config/config.js HTTP/1.1" 404 1769
WARNING 2021-03-11 18:41:14,143 log 8800 11600 Not Found: /static/js/components/CardList.js
WARNING 2021-03-11 18:41:14,144 basehttp 8800 11600 "GET /static/js/components/CardList.js HTTP/1.1" 404 1775
WARNING 2021-03-11 18:41:14,152 log 8800 16068 Not Found: /static/js/components/Header.js
WARNING 2021-03-11 18:41:14,152 basehttp 8800 16068 "GET /static/js/components/Header.js HTTP/1.1" 404 1773
WARNING 2021-03-11 18:41:14,161 log 8800 12028 Not Found: /static/js/api/Api.js
WARNING 2021-03-11 18:41:14,161 basehttp 8800 12028 "GET /static/js/api/Api.js HTTP/1.1" 404 1763
WARNING 2021-03-11 18:41:14,169 log 8800 5412 Not Found: /static/pages/js/favorite.js
WARNING 2021-03-11 18:41:14,169 basehttp 8800 5412 "GET /static/pages/js/favorite.js HTTP/1.1" 404 1770
WARNING 2021-03-11 18:41:14,178 log 8800 1004 Not Found: /static/js/components/MainCards.js
WARNING 2021-03-11 18:41:14,178 basehttp 8800 1004 "GET /static/js/components/MainCards.js HTTP/1.1" 404 1776
WARNING 2021-03-11 18:41:14,187 log 8800 11600 Not Found: /static/js/components/Purchases.js
WARNING 2021-03-11 18:41:14,187 basehttp 8800 11600 "GET /static/js/components/Purchases.js HTTP/1.1" 404 1776
WARNING 2021-03-11 18:41:14,196 log 8800 16068 Not Found: /static/js/components/Favorites.js
WARNING 2021-03-11 18:41:14,196 basehttp 8800 16068 "GET /static/js/components/Favorites.js HTTP/1.1" 404 1776
WARNING 2021-03-11 18:41:14,209 log 8800 12028 Not Found: /static/js/config/config.js
WARNING 2021-03-11 18:41:14,209 basehttp 8800 12028 "GET /static/js/config/config.js HTTP/1.1" 404 1769
WARNING 2021-03-11 18:41:14,217 log 8800 5412 Not Found: /static/js/components/CardList.js
WARNING 2021-03-11 18:41:14,217 basehttp 8800 5412 "GET /static/js/components/CardList.js HTTP/1.1" 404 1775
WARNING 2021-03-11 18:41:14,230 log 8800 1004 Not Found: /static/js/components/Header.js
WARNING 2021-03-11 18:41:14,231 basehttp 8800 1004 "GET /static/js/components/Header.js HTTP/1.1" 404 1773
WARNING 2021-03-11 18:41:14,243 log 8800 11600 Not Found: /static/js/api/Api.js
WARNING 2021-03-11 18:41:14,244 basehttp 8800 11600 "GET /static/js/api/Api.js HTTP/1.1" 404 1763
WARNING 2021-03-11 18:41:14,252 log 8800 16068 Not Found: /static/pages/js/favorite.js
WARNING 2021-03-11 18:41:14,252 basehttp 8800 16068 "GET /static/pages/js/favorite.js HTTP/1.1" 404 1770
ERROR 2021-03-11 18:43:11,877 log 14316 16180 Internal Server Error: /2./
ERROR 2021-03-11 18:43:12,142 basehttp 14316 16180 "GET /2./ HTTP/1.1" 500 1746
